# JRE version: OpenJDK Runtime Environment (11.0.7+10) (build 11.0.7+10-post-Debian-3deb10u1)
# Java VM: OpenJDK 64-Bit Server VM (11.0.7+10-post-Debian-3deb10u1, mixed mode, sharing, tiered, compressed oops, g1 gc, linux-amd64)
Heap:
 garbage-first heap   total 185344K, used 38203K [0x0000000084c00000, 0x0000000100000000)
  region size 1024K, 25 young (25600K), 8 survivors (8192K)
 Metaspace       used 37991K, capacity 39551K, committed 39836K, reserved 1083392K
  class space    used 4860K, capacity 5484K, committed 5612K, reserved 1048576K
GC Heap History (10 events):
Event: 0.349 GC heap before
{Heap before GC invocations=0 (full 0):
 garbage-first heap   total 129024K, used 24260K [0x0000000084c00000, 0x0000000100000000)
  region size 1024K, 24 young (24576K), 0 survivors (0K)
 Metaspace       used 5223K, capacity 7805K, committed 7936K, reserved 1056768K
  class space    used 654K, capacity 924K, committed 1024K, reserved 1048576K
}
Event: 0.359 GC heap after
{Heap after GC invocations=1 (full 0):
 garbage-first heap   total 129024K, used 3732K [0x0000000084c00000, 0x0000000100000000)
  region size 1024K, 3 young (3072K), 3 survivors (3072K)
 Metaspace       used 5223K, capacity 7805K, committed 7936K, reserved 1056768K
  class space    used 654K, capacity 924K, committed 1024K, reserved 1048576K
}
Event: 1.194 GC heap before
{Heap before GC invocations=1 (full 0):
 garbage-first heap   total 129024K, used 76436K [0x0000000084c00000, 0x0000000100000000)
  region size 1024K, 74 young (75776K), 3 survivors (3072K)
 Metaspace       used 14408K, capacity 15978K, committed 16256K, reserved 1062912K
  class space    used 1686K, capacity 1911K, committed 1920K, reserved 1048576K
}
Event: 1.207 GC heap after
{Heap after GC invocations=2 (full 0):
 garbage-first heap   total 129024K, used 7370K [0x0000000084c00000, 0x0000000100000000)
  region size 1024K, 7 young (7168K), 7 survivors (7168K)
 Metaspace       used 14408K, capacity 15978K, committed 16256K, reserved 1062912K
  class space    used 1686K, capacity 1911K, committed 1920K, reserved 1048576K
}
Event: 1.946 GC heap before
{Heap before GC invocations=2 (full 0):
 garbage-first heap   total 129024K, used 75978K [0x0000000084c00000, 0x0000000100000000)
  region size 1024K, 74 young (75776K), 7 survivors (7168K)
 Metaspace       used 18836K, capacity 19995K, committed 20224K, reserved 1067008K
  class space    used 2224K, capacity 2517K, committed 2560K, reserved 1048576K
}
Event: 1.970 GC heap after
{Heap after GC invocations=3 (full 0):
 garbage-first heap   total 129024K, used 12346K [0x0000000084c00000, 0x0000000100000000)
  region size 1024K, 9 young (9216K), 9 survivors (9216K)
 Metaspace       used 18836K, capacity 19995K, committed 20224K, reserved 1067008K
  class space    used 2224K, capacity 2517K, committed 2560K, reserved 1048576K
}
Event: 2.073 GC heap before
{Heap before GC invocations=3 (full 0):
 garbage-first heap   total 129024K, used 15418K [0x0000000084c00000, 0x0000000100000000)
  region size 1024K, 13 young (13312K), 9 survivors (9216K)
 Metaspace       used 20565K, capacity 21159K, committed 21296K, reserved 1069056K
  class space    used 2436K, capacity 2650K, committed 2688K, reserved 1048576K
}
Event: 2.089 GC heap after
{Heap after GC invocations=4 (full 0):
 garbage-first heap   total 129024K, used 13025K [0x0000000084c00000, 0x0000000100000000)
  region size 1024K, 6 young (6144K), 6 survivors (6144K)
 Metaspace       used 20565K, capacity 21159K, committed 21296K, reserved 1069056K
  class space    used 2436K, capacity 2650K, committed 2688K, reserved 1048576K
}
Event: 18.537 GC heap before
{Heap before GC invocations=5 (full 0):
 garbage-first heap   total 129024K, used 68321K [0x0000000084c00000, 0x0000000100000000)
  region size 1024K, 59 young (60416K), 6 survivors (6144K)
 Metaspace       used 34365K, capacity 35718K, committed 35888K, reserved 1081344K
  class space    used 4461K, capacity 4992K, committed 4992K, reserved 1048576K
}
Event: 18.546 GC heap after
{Heap after GC invocations=6 (full 0):
 garbage-first heap   total 185344K, used 21819K [0x0000000084c00000, 0x0000000100000000)
  region size 1024K, 8 young (8192K), 8 survivors (8192K)
 Metaspace       used 34365K, capacity 35718K, committed 35888K, reserved 1081344K
  class space    used 4461K, capacity 4992K, committed 4992K, reserved 1048576K
}

