# JRE version: OpenJDK Runtime Environment (11.0.7+10) (build 11.0.7+10-post-Debian-3deb10u1)
# Java VM: OpenJDK 64-Bit Server VM (11.0.7+10-post-Debian-3deb10u1, mixed mode, sharing, tiered, compressed oops, g1 gc, linux-amd64)
Heap:
 garbage-first heap   total 156672K, used 34609K [0x0000000084c00000, 0x0000000100000000)
  region size 1024K, 14 young (14336K), 2 survivors (2048K)
 Metaspace       used 37424K, capacity 39016K, committed 39376K, reserved 1083392K
  class space    used 4916K, capacity 5563K, committed 5664K, reserved 1048576K
GC Heap History (12 events):
Event: 0.363 GC heap before
{Heap before GC invocations=0 (full 0):
 garbage-first heap   total 129024K, used 24260K [0x0000000084c00000, 0x0000000100000000)
  region size 1024K, 24 young (24576K), 0 survivors (0K)
 Metaspace       used 5173K, capacity 7741K, committed 7936K, reserved 1056768K
  class space    used 644K, capacity 924K, committed 1024K, reserved 1048576K
}
Event: 0.370 GC heap after
{Heap after GC invocations=1 (full 0):
 garbage-first heap   total 129024K, used 3666K [0x0000000084c00000, 0x0000000100000000)
  region size 1024K, 3 young (3072K), 3 survivors (3072K)
 Metaspace       used 5173K, capacity 7741K, committed 7936K, reserved 1056768K
  class space    used 644K, capacity 924K, committed 1024K, reserved 1048576K
}
Event: 1.204 GC heap before
{Heap before GC invocations=1 (full 0):
 garbage-first heap   total 129024K, used 76370K [0x0000000084c00000, 0x0000000100000000)
  region size 1024K, 74 young (75776K), 3 survivors (3072K)
 Metaspace       used 14425K, capacity 15978K, committed 16256K, reserved 1062912K
  class space    used 1686K, capacity 1911K, committed 1920K, reserved 1048576K
}
Event: 1.214 GC heap after
{Heap after GC invocations=2 (full 0):
 garbage-first heap   total 129024K, used 7246K [0x0000000084c00000, 0x0000000100000000)
  region size 1024K, 7 young (7168K), 7 survivors (7168K)
 Metaspace       used 14425K, capacity 15978K, committed 16256K, reserved 1062912K
  class space    used 1686K, capacity 1911K, committed 1920K, reserved 1048576K
}
Event: 1.849 GC heap before
{Heap before GC invocations=2 (full 0):
 garbage-first heap   total 129024K, used 75854K [0x0000000084c00000, 0x0000000100000000)
  region size 1024K, 74 young (75776K), 7 survivors (7168K)
 Metaspace       used 18354K, capacity 19509K, committed 19584K, reserved 1067008K
  class space    used 2148K, capacity 2419K, committed 2432K, reserved 1048576K
}
Event: 1.861 GC heap after
{Heap after GC invocations=3 (full 0):
 garbage-first heap   total 129024K, used 12622K [0x0000000084c00000, 0x0000000100000000)
  region size 1024K, 9 young (9216K), 9 survivors (9216K)
 Metaspace       used 18354K, capacity 19509K, committed 19584K, reserved 1067008K
  class space    used 2148K, capacity 2419K, committed 2432K, reserved 1048576K
}
Event: 1.952 GC heap before
{Heap before GC invocations=3 (full 0):
 garbage-first heap   total 129024K, used 16718K [0x0000000084c00000, 0x0000000100000000)
  region size 1024K, 14 young (14336K), 9 survivors (9216K)
 Metaspace       used 20583K, capacity 21207K, committed 21296K, reserved 1069056K
  class space    used 2455K, capacity 2682K, committed 2688K, reserved 1048576K
}
Event: 1.961 GC heap after
{Heap after GC invocations=4 (full 0):
 garbage-first heap   total 129024K, used 12945K [0x0000000084c00000, 0x0000000100000000)
  region size 1024K, 6 young (6144K), 6 survivors (6144K)
 Metaspace       used 20583K, capacity 21207K, committed 21296K, reserved 1069056K
  class space    used 2455K, capacity 2682K, committed 2688K, reserved 1048576K
}
Event: 7.768 GC heap before
{Heap before GC invocations=5 (full 0):
 garbage-first heap   total 129024K, used 70289K [0x0000000084c00000, 0x0000000100000000)
  region size 1024K, 60 young (61440K), 6 survivors (6144K)
 Metaspace       used 34331K, capacity 35684K, committed 35964K, reserved 1081344K
  class space    used 4537K, capacity 5059K, committed 5068K, reserved 1048576K
}
Event: 7.792 GC heap after
{Heap after GC invocations=6 (full 0):
 garbage-first heap   total 156672K, used 22521K [0x0000000084c00000, 0x0000000100000000)
  region size 1024K, 8 young (8192K), 8 survivors (8192K)
 Metaspace       used 34331K, capacity 35684K, committed 35964K, reserved 1081344K
  class space    used 4537K, capacity 5059K, committed 5068K, reserved 1048576K
}
Event: 7.808 GC heap before
{Heap before GC invocations=6 (full 0):
 garbage-first heap   total 156672K, used 24569K [0x0000000084c00000, 0x0000000100000000)
  region size 1024K, 11 young (11264K), 8 survivors (8192K)
 Metaspace       used 34530K, capacity 35844K, committed 36048K, reserved 1081344K
  class space    used 4559K, capacity 5091K, committed 5152K, reserved 1048576K
}
Event: 7.815 GC heap after
{Heap after GC invocations=7 (full 0):
 garbage-first heap   total 156672K, used 23345K [0x0000000084c00000, 0x0000000100000000)
  region size 1024K, 2 young (2048K), 2 survivors (2048K)
 Metaspace       used 34530K, capacity 35844K, committed 36048K, reserved 1081344K
  class space    used 4559K, capacity 5091K, committed 5152K, reserved 1048576K
}

