# JRE version: OpenJDK Runtime Environment (11.0.7+10) (build 11.0.7+10-post-Debian-3deb10u1)
# Java VM: OpenJDK 64-Bit Server VM (11.0.7+10-post-Debian-3deb10u1, mixed mode, sharing, tiered, compressed oops, g1 gc, linux-amd64)
Heap:
 garbage-first heap   total 168960K, used 40195K [0x0000000084c00000, 0x0000000100000000)
  region size 1024K, 26 young (26624K), 8 survivors (8192K)
 Metaspace       used 40464K, capacity 42013K, committed 42192K, reserved 1085440K
  class space    used 5268K, capacity 5920K, committed 5920K, reserved 1048576K
GC Heap History (10 events):
Event: 0.371 GC heap before
{Heap before GC invocations=0 (full 0):
 garbage-first heap   total 129024K, used 24260K [0x0000000084c00000, 0x0000000100000000)
  region size 1024K, 24 young (24576K), 0 survivors (0K)
 Metaspace       used 5178K, capacity 7741K, committed 7936K, reserved 1056768K
  class space    used 644K, capacity 924K, committed 1024K, reserved 1048576K
}
Event: 0.381 GC heap after
{Heap after GC invocations=1 (full 0):
 garbage-first heap   total 129024K, used 3657K [0x0000000084c00000, 0x0000000100000000)
  region size 1024K, 3 young (3072K), 3 survivors (3072K)
 Metaspace       used 5178K, capacity 7741K, committed 7936K, reserved 1056768K
  class space    used 644K, capacity 924K, committed 1024K, reserved 1048576K
}
Event: 1.253 GC heap before
{Heap before GC invocations=1 (full 0):
 garbage-first heap   total 129024K, used 76361K [0x0000000084c00000, 0x0000000100000000)
  region size 1024K, 74 young (75776K), 3 survivors (3072K)
 Metaspace       used 14408K, capacity 15914K, committed 16000K, reserved 1062912K
  class space    used 1686K, capacity 1911K, committed 1920K, reserved 1048576K
}
Event: 1.266 GC heap after
{Heap after GC invocations=2 (full 0):
 garbage-first heap   total 129024K, used 7769K [0x0000000084c00000, 0x0000000100000000)
  region size 1024K, 7 young (7168K), 7 survivors (7168K)
 Metaspace       used 14408K, capacity 15914K, committed 16000K, reserved 1062912K
  class space    used 1686K, capacity 1911K, committed 1920K, reserved 1048576K
}
Event: 1.895 GC heap before
{Heap before GC invocations=2 (full 0):
 garbage-first heap   total 129024K, used 76377K [0x0000000084c00000, 0x0000000100000000)
  region size 1024K, 74 young (75776K), 7 survivors (7168K)
 Metaspace       used 18344K, capacity 19509K, committed 19584K, reserved 1067008K
  class space    used 2148K, capacity 2419K, committed 2432K, reserved 1048576K
}
Event: 1.906 GC heap after
{Heap after GC invocations=3 (full 0):
 garbage-first heap   total 129024K, used 12436K [0x0000000084c00000, 0x0000000100000000)
  region size 1024K, 9 young (9216K), 9 survivors (9216K)
 Metaspace       used 18344K, capacity 19509K, committed 19584K, reserved 1067008K
  class space    used 2148K, capacity 2419K, committed 2432K, reserved 1048576K
}
Event: 1.996 GC heap before
{Heap before GC invocations=3 (full 0):
 garbage-first heap   total 129024K, used 17556K [0x0000000084c00000, 0x0000000100000000)
  region size 1024K, 15 young (15360K), 9 survivors (9216K)
 Metaspace       used 20549K, capacity 21143K, committed 21296K, reserved 1069056K
  class space    used 2455K, capacity 2682K, committed 2688K, reserved 1048576K
}
Event: 2.009 GC heap after
{Heap after GC invocations=4 (full 0):
 garbage-first heap   total 129024K, used 12974K [0x0000000084c00000, 0x0000000100000000)
  region size 1024K, 6 young (6144K), 6 survivors (6144K)
 Metaspace       used 20549K, capacity 21143K, committed 21296K, reserved 1069056K
  class space    used 2455K, capacity 2682K, committed 2688K, reserved 1048576K
}
Event: 7.705 GC heap before
{Heap before GC invocations=5 (full 0):
 garbage-first heap   total 129024K, used 71342K [0x0000000084c00000, 0x0000000100000000)
  region size 1024K, 62 young (63488K), 6 survivors (6144K)
 Metaspace       used 34533K, capacity 35844K, committed 36048K, reserved 1081344K
  class space    used 4558K, capacity 5091K, committed 5152K, reserved 1048576K
}
Event: 7.715 GC heap after
{Heap after GC invocations=6 (full 0):
 garbage-first heap   total 168960K, used 22787K [0x0000000084c00000, 0x0000000100000000)
  region size 1024K, 8 young (8192K), 8 survivors (8192K)
 Metaspace       used 34533K, capacity 35844K, committed 36048K, reserved 1081344K
  class space    used 4558K, capacity 5091K, committed 5152K, reserved 1048576K
}

