# JRE version: OpenJDK Runtime Environment (11.0.7+10) (build 11.0.7+10-post-Debian-3deb10u1)
# Java VM: OpenJDK 64-Bit Server VM (11.0.7+10-post-Debian-3deb10u1, mixed mode, sharing, tiered, compressed oops, g1 gc, linux-amd64)
Heap:
 garbage-first heap   total 168960K, used 35099K [0x0000000084c00000, 0x0000000100000000)
  region size 1024K, 22 young (22528K), 9 survivors (9216K)
 Metaspace       used 38218K, capacity 39798K, committed 39888K, reserved 1083392K
  class space    used 4996K, capacity 5659K, committed 5664K, reserved 1048576K
GC Heap History (10 events):
Event: 0.366 GC heap before
{Heap before GC invocations=0 (full 0):
 garbage-first heap   total 129024K, used 24260K [0x0000000084c00000, 0x0000000100000000)
  region size 1024K, 24 young (24576K), 0 survivors (0K)
 Metaspace       used 5175K, capacity 7741K, committed 7936K, reserved 1056768K
  class space    used 644K, capacity 924K, committed 1024K, reserved 1048576K
}
Event: 0.376 GC heap after
{Heap after GC invocations=1 (full 0):
 garbage-first heap   total 129024K, used 3679K [0x0000000084c00000, 0x0000000100000000)
  region size 1024K, 3 young (3072K), 3 survivors (3072K)
 Metaspace       used 5175K, capacity 7741K, committed 7936K, reserved 1056768K
  class space    used 644K, capacity 924K, committed 1024K, reserved 1048576K
}
Event: 1.209 GC heap before
{Heap before GC invocations=1 (full 0):
 garbage-first heap   total 129024K, used 76383K [0x0000000084c00000, 0x0000000100000000)
  region size 1024K, 74 young (75776K), 3 survivors (3072K)
 Metaspace       used 14433K, capacity 15978K, committed 16256K, reserved 1062912K
  class space    used 1686K, capacity 1911K, committed 1920K, reserved 1048576K
}
Event: 1.219 GC heap after
{Heap after GC invocations=2 (full 0):
 garbage-first heap   total 129024K, used 7628K [0x0000000084c00000, 0x0000000100000000)
  region size 1024K, 7 young (7168K), 7 survivors (7168K)
 Metaspace       used 14433K, capacity 15978K, committed 16256K, reserved 1062912K
  class space    used 1686K, capacity 1911K, committed 1920K, reserved 1048576K
}
Event: 1.846 GC heap before
{Heap before GC invocations=2 (full 0):
 garbage-first heap   total 129024K, used 76236K [0x0000000084c00000, 0x0000000100000000)
  region size 1024K, 74 young (75776K), 7 survivors (7168K)
 Metaspace       used 18384K, capacity 19510K, committed 19584K, reserved 1067008K
  class space    used 2148K, capacity 2419K, committed 2432K, reserved 1048576K
}
Event: 1.862 GC heap after
{Heap after GC invocations=3 (full 0):
 garbage-first heap   total 129024K, used 13185K [0x0000000084c00000, 0x0000000100000000)
  region size 1024K, 10 young (10240K), 10 survivors (10240K)
 Metaspace       used 18384K, capacity 19510K, committed 19584K, reserved 1067008K
  class space    used 2148K, capacity 2419K, committed 2432K, reserved 1048576K
}
Event: 1.935 GC heap before
{Heap before GC invocations=3 (full 0):
 garbage-first heap   total 129024K, used 17281K [0x0000000084c00000, 0x0000000100000000)
  region size 1024K, 15 young (15360K), 10 survivors (10240K)
 Metaspace       used 20499K, capacity 21100K, committed 21296K, reserved 1069056K
  class space    used 2436K, capacity 2650K, committed 2688K, reserved 1048576K
}
Event: 1.944 GC heap after
{Heap after GC invocations=4 (full 0):
 garbage-first heap   total 129024K, used 12800K [0x0000000084c00000, 0x0000000100000000)
  region size 1024K, 6 young (6144K), 6 survivors (6144K)
 Metaspace       used 20499K, capacity 21100K, committed 21296K, reserved 1069056K
  class space    used 2436K, capacity 2650K, committed 2688K, reserved 1048576K
}
Event: 7.867 GC heap before
{Heap before GC invocations=5 (full 0):
 garbage-first heap   total 129024K, used 72192K [0x0000000084c00000, 0x0000000100000000)
  region size 1024K, 63 young (64512K), 6 survivors (6144K)
 Metaspace       used 34540K, capacity 35825K, committed 36048K, reserved 1081344K
  class space    used 4553K, capacity 5091K, committed 5152K, reserved 1048576K
}
Event: 7.899 GC heap after
{Heap after GC invocations=6 (full 0):
 garbage-first heap   total 168960K, used 22811K [0x0000000084c00000, 0x0000000100000000)
  region size 1024K, 9 young (9216K), 9 survivors (9216K)
 Metaspace       used 34540K, capacity 35825K, committed 36048K, reserved 1081344K
  class space    used 4553K, capacity 5091K, committed 5152K, reserved 1048576K
}

