# JRE version: OpenJDK Runtime Environment (11.0.7+10) (build 11.0.7+10-post-Debian-3deb10u1)
# Java VM: OpenJDK 64-Bit Server VM (11.0.7+10-post-Debian-3deb10u1, mixed mode, sharing, tiered, compressed oops, g1 gc, linux-amd64)
Heap:
 garbage-first heap   total 166912K, used 41489K [0x0000000084c00000, 0x0000000100000000)
  region size 1024K, 28 young (28672K), 9 survivors (9216K)
 Metaspace       used 40010K, capacity 41549K, committed 41808K, reserved 1085440K
  class space    used 5193K, capacity 5806K, committed 5888K, reserved 1048576K
GC Heap History (10 events):
Event: 0.365 GC heap before
{Heap before GC invocations=0 (full 0):
 garbage-first heap   total 129024K, used 24260K [0x0000000084c00000, 0x0000000100000000)
  region size 1024K, 24 young (24576K), 0 survivors (0K)
 Metaspace       used 5171K, capacity 7741K, committed 7936K, reserved 1056768K
  class space    used 644K, capacity 924K, committed 1024K, reserved 1048576K
}
Event: 0.376 GC heap after
{Heap after GC invocations=1 (full 0):
 garbage-first heap   total 129024K, used 3667K [0x0000000084c00000, 0x0000000100000000)
  region size 1024K, 3 young (3072K), 3 survivors (3072K)
 Metaspace       used 5171K, capacity 7741K, committed 7936K, reserved 1056768K
  class space    used 644K, capacity 924K, committed 1024K, reserved 1048576K
}
Event: 1.256 GC heap before
{Heap before GC invocations=1 (full 0):
 garbage-first heap   total 129024K, used 76371K [0x0000000084c00000, 0x0000000100000000)
  region size 1024K, 74 young (75776K), 3 survivors (3072K)
 Metaspace       used 14445K, capacity 15978K, committed 16256K, reserved 1062912K
  class space    used 1686K, capacity 1911K, committed 1920K, reserved 1048576K
}
Event: 1.269 GC heap after
{Heap after GC invocations=2 (full 0):
 garbage-first heap   total 129024K, used 7792K [0x0000000084c00000, 0x0000000100000000)
  region size 1024K, 7 young (7168K), 7 survivors (7168K)
 Metaspace       used 14445K, capacity 15978K, committed 16256K, reserved 1062912K
  class space    used 1686K, capacity 1911K, committed 1920K, reserved 1048576K
}
Event: 1.913 GC heap before
{Heap before GC invocations=2 (full 0):
 garbage-first heap   total 129024K, used 76400K [0x0000000084c00000, 0x0000000100000000)
  region size 1024K, 74 young (75776K), 7 survivors (7168K)
 Metaspace       used 18478K, capacity 19637K, committed 19840K, reserved 1067008K
  class space    used 2148K, capacity 2419K, committed 2432K, reserved 1048576K
}
Event: 1.925 GC heap after
{Heap after GC invocations=3 (full 0):
 garbage-first heap   total 129024K, used 12281K [0x0000000084c00000, 0x0000000100000000)
  region size 1024K, 9 young (9216K), 9 survivors (9216K)
 Metaspace       used 18478K, capacity 19637K, committed 19840K, reserved 1067008K
  class space    used 2148K, capacity 2419K, committed 2432K, reserved 1048576K
}
Event: 1.993 GC heap before
{Heap before GC invocations=3 (full 0):
 garbage-first heap   total 129024K, used 16377K [0x0000000084c00000, 0x0000000100000000)
  region size 1024K, 14 young (14336K), 9 survivors (9216K)
 Metaspace       used 20517K, capacity 21171K, committed 21296K, reserved 1069056K
  class space    used 2430K, capacity 2650K, committed 2688K, reserved 1048576K
}
Event: 2.001 GC heap after
{Heap after GC invocations=4 (full 0):
 garbage-first heap   total 129024K, used 13549K [0x0000000084c00000, 0x0000000100000000)
  region size 1024K, 7 young (7168K), 7 survivors (7168K)
 Metaspace       used 20517K, capacity 21171K, committed 21296K, reserved 1069056K
  class space    used 2430K, capacity 2650K, committed 2688K, reserved 1048576K
}
Event: 6.069 GC heap before
{Heap before GC invocations=5 (full 0):
 garbage-first heap   total 129024K, used 72941K [0x0000000084c00000, 0x0000000100000000)
  region size 1024K, 64 young (65536K), 7 survivors (7168K)
 Metaspace       used 34425K, capacity 35744K, committed 35920K, reserved 1081344K
  class space    used 4539K, capacity 5059K, committed 5120K, reserved 1048576K
}
Event: 6.079 GC heap after
{Heap after GC invocations=6 (full 0):
 garbage-first heap   total 166912K, used 23057K [0x0000000084c00000, 0x0000000100000000)
  region size 1024K, 9 young (9216K), 9 survivors (9216K)
 Metaspace       used 34425K, capacity 35744K, committed 35920K, reserved 1081344K
  class space    used 4539K, capacity 5059K, committed 5120K, reserved 1048576K
}

