# JRE version: OpenJDK Runtime Environment (11.0.7+10) (build 11.0.7+10-post-Debian-3deb10u1)
# Java VM: OpenJDK 64-Bit Server VM (11.0.7+10-post-Debian-3deb10u1, mixed mode, sharing, tiered, compressed oops, g1 gc, linux-amd64)
Heap:
 garbage-first heap   total 177152K, used 34356K [0x0000000084c00000, 0x0000000100000000)
  region size 1024K, 13 young (13312K), 1 survivors (1024K)
 Metaspace       used 37448K, capacity 39001K, committed 39376K, reserved 1083392K
  class space    used 4916K, capacity 5563K, committed 5664K, reserved 1048576K
GC Heap History (12 events):
Event: 0.342 GC heap before
{Heap before GC invocations=0 (full 0):
 garbage-first heap   total 129024K, used 24260K [0x0000000084c00000, 0x0000000100000000)
  region size 1024K, 24 young (24576K), 0 survivors (0K)
 Metaspace       used 5182K, capacity 7741K, committed 7936K, reserved 1056768K
  class space    used 644K, capacity 924K, committed 1024K, reserved 1048576K
}
Event: 0.352 GC heap after
{Heap after GC invocations=1 (full 0):
 garbage-first heap   total 129024K, used 3675K [0x0000000084c00000, 0x0000000100000000)
  region size 1024K, 3 young (3072K), 3 survivors (3072K)
 Metaspace       used 5182K, capacity 7741K, committed 7936K, reserved 1056768K
  class space    used 644K, capacity 924K, committed 1024K, reserved 1048576K
}
Event: 1.240 GC heap before
{Heap before GC invocations=1 (full 0):
 garbage-first heap   total 129024K, used 76379K [0x0000000084c00000, 0x0000000100000000)
  region size 1024K, 74 young (75776K), 3 survivors (3072K)
 Metaspace       used 14394K, capacity 15914K, committed 16256K, reserved 1062912K
  class space    used 1686K, capacity 1911K, committed 1920K, reserved 1048576K
}
Event: 1.251 GC heap after
{Heap after GC invocations=2 (full 0):
 garbage-first heap   total 129024K, used 7628K [0x0000000084c00000, 0x0000000100000000)
  region size 1024K, 7 young (7168K), 7 survivors (7168K)
 Metaspace       used 14394K, capacity 15914K, committed 16256K, reserved 1062912K
  class space    used 1686K, capacity 1911K, committed 1920K, reserved 1048576K
}
Event: 1.845 GC heap before
{Heap before GC invocations=2 (full 0):
 garbage-first heap   total 129024K, used 76236K [0x0000000084c00000, 0x0000000100000000)
  region size 1024K, 74 young (75776K), 7 survivors (7168K)
 Metaspace       used 18007K, capacity 19154K, committed 19328K, reserved 1067008K
  class space    used 2087K, capacity 2342K, committed 2432K, reserved 1048576K
}
Event: 1.857 GC heap after
{Heap after GC invocations=3 (full 0):
 garbage-first heap   total 129024K, used 11744K [0x0000000084c00000, 0x0000000100000000)
  region size 1024K, 8 young (8192K), 8 survivors (8192K)
 Metaspace       used 18007K, capacity 19154K, committed 19328K, reserved 1067008K
  class space    used 2087K, capacity 2342K, committed 2432K, reserved 1048576K
}
Event: 1.973 GC heap before
{Heap before GC invocations=3 (full 0):
 garbage-first heap   total 129024K, used 17888K [0x0000000084c00000, 0x0000000100000000)
  region size 1024K, 15 young (15360K), 8 survivors (8192K)
 Metaspace       used 20484K, capacity 21095K, committed 21296K, reserved 1069056K
  class space    used 2436K, capacity 2650K, committed 2688K, reserved 1048576K
}
Event: 1.992 GC heap after
{Heap after GC invocations=4 (full 0):
 garbage-first heap   total 129024K, used 13142K [0x0000000084c00000, 0x0000000100000000)
  region size 1024K, 6 young (6144K), 6 survivors (6144K)
 Metaspace       used 20484K, capacity 21095K, committed 21296K, reserved 1069056K
  class space    used 2436K, capacity 2650K, committed 2688K, reserved 1048576K
}
Event: 7.186 GC heap before
{Heap before GC invocations=5 (full 0):
 garbage-first heap   total 129024K, used 70486K [0x0000000084c00000, 0x0000000100000000)
  region size 1024K, 60 young (61440K), 6 survivors (6144K)
 Metaspace       used 34339K, capacity 35669K, committed 35964K, reserved 1081344K
  class space    used 4538K, capacity 5059K, committed 5068K, reserved 1048576K
}
Event: 7.194 GC heap after
{Heap after GC invocations=6 (full 0):
 garbage-first heap   total 177152K, used 22123K [0x0000000084c00000, 0x0000000100000000)
  region size 1024K, 8 young (8192K), 8 survivors (8192K)
 Metaspace       used 34339K, capacity 35669K, committed 35964K, reserved 1081344K
  class space    used 4538K, capacity 5059K, committed 5068K, reserved 1048576K
}
Event: 7.206 GC heap before
{Heap before GC invocations=6 (full 0):
 garbage-first heap   total 177152K, used 24171K [0x0000000084c00000, 0x0000000100000000)
  region size 1024K, 11 young (11264K), 8 survivors (8192K)
 Metaspace       used 34535K, capacity 35829K, committed 36048K, reserved 1081344K
  class space    used 4558K, capacity 5091K, committed 5152K, reserved 1048576K
}
Event: 7.213 GC heap after
{Heap after GC invocations=7 (full 0):
 garbage-first heap   total 177152K, used 23092K [0x0000000084c00000, 0x0000000100000000)
  region size 1024K, 1 young (1024K), 1 survivors (1024K)
 Metaspace       used 34535K, capacity 35829K, committed 36048K, reserved 1081344K
  class space    used 4558K, capacity 5091K, committed 5152K, reserved 1048576K
}

